<?xml version="1.0" encoding="UTF-8"?>
<!-- Generated by org.testng.reporters.JUnitReportReporter -->
<testsuite hostname="ADMIN-PC" name="basics.Groups" tests="3" failures="0" timestamp="5 Dec 2018 09:32:03 GMT" time="0.025" errors="0">
  <testcase name="Mr" time="0.004" classname="basics.Groups"/>
  <testcase name="M2" time="0.018" classname="basics.Groups"/>
  <testcase name="M1" time="0.003" classname="basics.Groups"/>
</testsuite> <!-- basics.Groups -->
