<?xml version="1.0" encoding="UTF-8"?>
<!-- Generated by org.testng.reporters.JUnitReportReporter -->
<testsuite hostname="ADMIN-PC" name="basics.parallel" tests="2" failures="0" timestamp="27 Nov 2018 10:06:00 GMT" time="260.905" errors="0">
  <testcase name="setup1" time="127.623" classname="basics.parallel"/>
  <testcase name="setup" time="133.282" classname="basics.parallel"/>
</testsuite> <!-- basics.parallel -->
