<?xml version="1.0" encoding="UTF-8"?>
<!-- Generated by org.testng.reporters.JUnitReportReporter -->
<testsuite hostname="ADMIN-PC" name="basics.Day3" tests="5" failures="0" timestamp="27 Nov 2018 07:17:44 GMT" time="0.024" errors="0">
  <testcase name="d_method" time="0.001" classname="basics.Day3"/>
  <testcase name="e_method" time="0.002" classname="basics.Day3"/>
  <testcase name="b_method" time="0.002" classname="basics.Day3"/>
  <testcase name="a_method" time="0.001" classname="basics.Day3"/>
  <testcase name="c_method" time="0.018" classname="basics.Day3"/>
</testsuite> <!-- basics.Day3 -->
