<?xml version="1.0" encoding="UTF-8"?>
<!-- Generated by org.testng.reporters.JUnitReportReporter -->
<testsuite hostname="ADMIN-PC" name="basics.ExcelWritedata" tests="1" failures="0" timestamp="29 Nov 2018 07:51:19 GMT" time="1.134" errors="0">
  <testcase name="WriteData" time="1.134" classname="basics.ExcelWritedata"/>
</testsuite> <!-- basics.ExcelWritedata -->
