<?xml version="1.0" encoding="UTF-8"?>
<!-- Generated by org.testng.reporters.JUnitReportReporter -->
<testsuite hostname="ADMIN-PC" name="basics.Priority" tests="5" failures="0" timestamp="27 Nov 2018 07:46:34 GMT" time="0.040" errors="0">
  <testcase name="d_method" time="0.003" classname="basics.Priority"/>
  <testcase name="e_method" time="0.005" classname="basics.Priority"/>
  <testcase name="b_method" time="0.006" classname="basics.Priority"/>
  <testcase name="a_method" time="0.002" classname="basics.Priority"/>
  <testcase name="c_method" time="0.024" classname="basics.Priority"/>
</testsuite> <!-- basics.Priority -->
