<?xml version="1.0" encoding="UTF-8"?>
<!-- Generated by org.testng.reporters.JUnitReportReporter -->
<testsuite hostname="ADMIN-PC" name="basics.Example" tests="2" failures="0" timestamp="27 Nov 2018 13:14:34 GMT" time="0.057" errors="0">
  <testcase name="setup" time="0.003" classname="basics.Example"/>
  <testcase name="setup" time="0.054" classname="basics.Example"/>
</testsuite> <!-- basics.Example -->
