<?xml version="1.0" encoding="UTF-8"?>
<!-- Generated by org.testng.reporters.JUnitReportReporter -->
<testsuite hostname="ADMIN-PC" name="basics.dependsonmethods" tests="3" failures="0" timestamp="27 Nov 2018 11:15:42 GMT" time="0.046" errors="0">
  <testcase name="Testing" time="0.002" classname="basics.dependsonmethods"/>
  <testcase name="launch" time="0.035" classname="basics.dependsonmethods"/>
  <testcase name="close" time="0.009" classname="basics.dependsonmethods"/>
</testsuite> <!-- basics.dependsonmethods -->
